[INFO] 17:52:29:171 Servidor/(17251:17251): Servidor listo para recibir al cliente
[INFO] 17:52:58:177 Servidor/(17251:17251): Se conecto un cliente!
[ERROR] 17:52:58:178 Servidor/(17251:17251): el cliente se desconecto. Terminando servidor
[INFO] 17:53:41:443 Servidor/(17595:17595): Servidor listo para recibir al cliente
[INFO] 17:54:09:358 Servidor/(17595:17595): Se conecto un cliente!
[ERROR] 17:54:09:359 Servidor/(17595:17595): el cliente se desconecto. Terminando servidor
[INFO] 17:58:35:425 Servidor/(18069:18069): Servidor listo para recibir al cliente
[INFO] 17:59:07:459 Servidor/(18069:18069): Se conecto un cliente!
[ERROR] 17:59:07:461 Servidor/(18069:18069): el cliente se desconecto. Terminando servidor
[INFO] 18:12:36:618 Servidor/(19620:19620): Servidor listo para recibir al cliente
[INFO] 18:13:20:965 Servidor/(19620:19620): Se conecto un cliente!
[ERROR] 18:13:20:966 Servidor/(19620:19620): el cliente se desconecto. Terminando servidor
[INFO] 18:16:56:263 Servidor/(20023:20023): Servidor listo para recibir al cliente
[INFO] 18:17:17:350 Servidor/(20023:20023): Se conecto un cliente!
[ERROR] 18:17:17:352 Servidor/(20023:20023): el cliente se desconecto. Terminando servidor
[INFO] 19:19:14:118 Servidor/(25454:25454): Servidor listo para recibir al cliente
[INFO] 19:20:37:312 Servidor/(25454:25454): Se conecto un cliente!
[INFO] 19:21:01:254 Servidor/(25454:25454): Me llegaron los siguientes valores:

[ERROR] 19:21:01:254 Servidor/(25454:25454): el cliente se desconecto. Terminando servidor
[INFO] 20:16:26:617 Servidor/(29582:29582): Servidor listo para recibir al cliente
[INFO] 20:16:49:004 Servidor/(29582:29582): Se conecto un cliente!
[INFO] 20:16:49:005 Servidor/(29582:29582): Me llego el mensaje Hola, soy un valor
[ERROR] 20:16:49:005 Servidor/(29582:29582): el cliente se desconecto. Terminando servidor
[INFO] 20:43:48:846 Servidor/(31994:31994): Servidor listo para recibir al cliente
[INFO] 20:44:05:294 Servidor/(31994:31994): Se conecto un cliente!
[INFO] 20:44:05:294 Servidor/(31994:31994): Me llego el mensaje Hola, soy un valor
[INFO] 20:44:22:373 Servidor/(31994:31994): Me llegaron los siguientes valores:

[INFO] 17:43:24:460 Servidor/(3316:3316): Servidor listo para recibir al cliente
[INFO] 17:44:17:056 Servidor/(3316:3316): Se conecto un cliente!
[INFO] 17:44:17:056 Servidor/(3316:3316): Me llego el mensaje Hola, soy un valor
[INFO] 17:45:34:512 Servidor/(3316:3316): Me llegaron los siguientes valores:

[ERROR] 17:45:34:513 Servidor/(3316:3316): el cliente se desconecto. Terminando servidor
[INFO] 14:09:38:761 Servidor/(4682:4682): Servidor listo para recibir al cliente
[INFO] 14:10:24:020 Servidor/(4682:4682): Se conecto un cliente!
[INFO] 14:10:24:021 Servidor/(4682:4682): Me llego el mensaje Hola, soy un valor
[INFO] 14:10:39:170 Servidor/(4682:4682): Me llegaron los siguientes valores:

[ERROR] 14:10:39:171 Servidor/(4682:4682): el cliente se desconecto. Terminando servidor
[INFO] 14:12:44:689 Servidor/(5167:5167): Servidor listo para recibir al cliente
[INFO] 14:13:51:862 Servidor/(5167:5167): Se conecto un cliente!
[INFO] 14:13:51:862 Servidor/(5167:5167): Me llego el mensaje Hola, soy un valor
[INFO] 14:13:58:832 Servidor/(5167:5167): Me llegaron los siguientes valores:

[ERROR] 14:13:58:832 Servidor/(5167:5167): el cliente se desconecto. Terminando servidor
[INFO] 14:16:16:150 Servidor/(5718:5718): Servidor listo para recibir al cliente
[INFO] 14:16:29:009 Servidor/(5718:5718): Se conecto un cliente!
[INFO] 14:16:29:009 Servidor/(5718:5718): Me llego el mensaje Hola, soy un valor
[INFO] 14:16:32:729 Servidor/(5718:5718): Me llegaron los siguientes valores:

[ERROR] 14:16:32:730 Servidor/(5718:5718): el cliente se desconecto. Terminando servidor
[INFO] 14:19:12:132 Servidor/(6134:6134): Servidor listo para recibir al cliente
[INFO] 14:19:18:859 Servidor/(6134:6134): Se conecto un cliente!
[INFO] 14:19:18:860 Servidor/(6134:6134): Me llego el mensaje Hola, soy un valor
[INFO] 14:19:20:890 Servidor/(6134:6134): Me llegaron los siguientes valores:

[ERROR] 14:19:20:891 Servidor/(6134:6134): el cliente se desconecto. Terminando servidor
[INFO] 14:21:10:929 Servidor/(6415:6415): Servidor listo para recibir al cliente
[INFO] 14:21:21:917 Servidor/(6415:6415): Se conecto un cliente!
[INFO] 14:21:21:917 Servidor/(6415:6415): Me llego el mensaje Hola, soy un valor
[ERROR] 14:21:26:967 Servidor/(6415:6415): el cliente se desconecto. Terminando servidor
[INFO] 14:24:19:341 Servidor/(6937:6937): Servidor listo para recibir al cliente
[INFO] 14:26:55:883 Servidor/(6937:6937): Se conecto un cliente!
[INFO] 14:26:55:883 Servidor/(6937:6937): Me llego el mensaje Hola, soy un valor
[INFO] 14:26:57:993 Servidor/(6937:6937): Me llegaron los siguientes valores:

[ERROR] 14:26:57:994 Servidor/(6937:6937): el cliente se desconecto. Terminando servidor
[INFO] 14:28:11:021 Servidor/(7464:7464): Servidor listo para recibir al cliente
[INFO] 14:28:21:508 Servidor/(7464:7464): Se conecto un cliente!
[INFO] 14:28:21:509 Servidor/(7464:7464): Me llego el mensaje Hola, soy un valor
[INFO] 14:28:23:638 Servidor/(7464:7464): Me llegaron los siguientes valores:

[INFO] 14:30:33:647 Servidor/(7786:7786): Servidor listo para recibir al cliente
[INFO] 14:30:39:385 Servidor/(7786:7786): Se conecto un cliente!
[INFO] 14:30:39:385 Servidor/(7786:7786): Me llego el mensaje Hola, soy un valor
[INFO] 14:30:41:825 Servidor/(7786:7786): Me llegaron los siguientes valores:

[ERROR] 14:30:41:826 Servidor/(7786:7786): el cliente se desconecto. Terminando servidor
[INFO] 14:30:57:147 Servidor/(7838:7838): Servidor listo para recibir al cliente
[INFO] 14:31:06:185 Servidor/(7838:7838): Se conecto un cliente!
[INFO] 14:31:06:185 Servidor/(7838:7838): Me llego el mensaje Hola, soy un valor
[INFO] 14:31:13:486 Servidor/(7838:7838): Me llegaron los siguientes valores:

[ERROR] 14:31:13:487 Servidor/(7838:7838): el cliente se desconecto. Terminando servidor
